<?xml version="1.0" encoding="UTF-8"?>
<!-- Generated by org.testng.reporters.JUnitXMLReporter -->
<testsuite ignored="0" hostname="HYDL-001375A" failures="1" tests="3" name="Test" time="36.269" errors="0" timestamp="2024-03-11T20:44:35 IST">
  <testcase classname="allureReports.Tests" name="logoPresence" time="0.311"/>
  <testcase classname="allureReports.Tests" name="loginTest" time="8.802">
    <failure type="java.lang.AssertionError" message="expected [Home123] but found [Home]">
      <![CDATA[java.lang.AssertionError: expected [Home123] but found [Home]
at allureReports.Tests.loginTest(Tests.java:67)
at java.base/java.util.ArrayList.forEach(ArrayList.java:1511)
... Removed 33 stack frames]]>
    </failure>
  </testcase> <!-- loginTest -->
  <testcase classname="allureReports.Tests" name="registrationTest" time="0.009">
    <skipped/>
  </testcase> <!-- registrationTest -->
</testsuite> <!-- Test -->
